2020-07-06 10:05:40,923 - instabot version: 0.117.0 (bot) - INFO - Instabot version: 0.117.0 Started
2020-07-06 10:05:40,924 - instabot version: 0.117.0 (bot) - DEBUG - Bot imported from /home/pi/.local/lib/python3.7/site-packages/instabot/bot/bot.py
2020-07-06 10:05:40,931 - instabot version: 0.117.0 (api_login) - DEBUG - Loading cookies
2020-07-06 10:05:40,933 - instabot version: 0.117.0 (api_login) - DEBUG - Loading uuids
2020-07-06 10:05:40,933 - instabot version: 0.117.0 (api_login) - INFO - Recovery from /home/pi/instabots/ai2motivate/config/ai2motivate_uuid_and_cookie.json: COOKIE True - UUIDs True - TIMING, DEVICE and ...
- user-agent=Instagram 117.0.0.28.123 Android (28/9.0; 420dpi; 1080x1920; OnePlus; ONEPLUS A3003; OnePlus3; qcom; en_US; 180322800)
- phone_id=f378563c-c082-4a16-b805-3ecd7971d3aa
- uuid=c3e7ae9f-5f71-4026-b15a-98f7cfcce06f
- client_session_id=85840552-540f-4790-8bfe-5d66ab9167e9
- device_id=android-02f814e747bc4bc8
2020-07-06 10:05:40,934 - instabot version: 0.117.0 (api_login) - INFO - LOGIN FLOW! Just logged-in: False
2020-07-06 10:05:41,751 - instabot version: 0.117.0 (api) - DEBUG - POST to endpoint: feed/timeline/ returned response: <Response [200]>
2020-07-06 10:05:42,205 - instabot version: 0.117.0 (api) - DEBUG - POST to endpoint: feed/reels_tray/ returned response: <Response [200]>
2020-07-06 10:05:43,717 - instabot version: 0.117.0 (api) - DEBUG - POST to endpoint: direct_v2/ranked_recipients/ returned response: <Response [200]>
2020-07-06 10:05:44,085 - instabot version: 0.117.0 (api) - DEBUG - POST to endpoint: direct_v2/ranked_recipients/ returned response: <Response [200]>
2020-07-06 10:05:44,483 - instabot version: 0.117.0 (api) - DEBUG - POST to endpoint: direct_v2/inbox/ returned response: <Response [200]>
2020-07-06 10:05:44,880 - instabot version: 0.117.0 (api) - DEBUG - GET to endpoint: direct_v2/get_presence/ returned response: <Response [200]>
2020-07-06 10:05:45,532 - instabot version: 0.117.0 (api) - DEBUG - GET to endpoint: news/inbox/?limited_activity=true&show_su=true returned response: <Response [200]>
2020-07-06 10:05:45,944 - instabot version: 0.117.0 (api) - DEBUG - GET to endpoint: users/profile_notice/ returned response: <Response [200]>
2020-07-06 10:05:46,896 - instabot version: 0.117.0 (api) - DEBUG - POST to endpoint: discover/explore/ returned response: <Response [200]>
2020-07-06 10:05:46,923 - instabot version: 0.117.0 (api) - INFO - Logged-in successfully as 'ai2motivate'!
2020-07-06 10:05:46,924 - instabot version: 0.117.0 (bot_checkpoint) - DEBUG - Loading Checkpoint file from: /home/pi/instabots/ai2motivate/config/ai2motivate.checkpoint
2020-07-06 10:05:46,930 - instabot version: 0.117.0 (bot_checkpoint) - DEBUG - Saving Checkpoint file to: /home/pi/instabots/ai2motivate/config/ai2motivate.checkpoint
2020-07-06 10:05:46,932 - instabot version: 0.117.0 (bot) - INFO - Total requests: 35
