2020-07-06 15:48:12,727 - instabot version: 0.117.0 (bot) - INFO - Instabot version: 0.117.0 Started
2020-07-06 15:48:12,728 - instabot version: 0.117.0 (bot) - DEBUG - Bot imported from /Users/bhavindhodia/Projects/Py/InstaBot/lib/python3.7/site-packages/instabot/bot/bot.py
2020-07-06 15:48:12,728 - instabot version: 0.117.0 (api_login) - DEBUG - Loading cookies
2020-07-06 15:48:12,728 - instabot version: 0.117.0 (api_login) - DEBUG - Loading uuids
2020-07-06 15:48:12,728 - instabot version: 0.117.0 (api_login) - INFO - Recovery from /Users/bhavindhodia/Projects/Py/InstaBot/config/ai2motivate_uuid_and_cookie.json: COOKIE True - UUIDs True - TIMING, DEVICE and ...
- user-agent=Instagram 117.0.0.28.123 Android (28/9.0; 420dpi; 1080x1920; OnePlus; ONEPLUS A3003; OnePlus3; qcom; en_US; 180322800)
- phone_id=f378563c-c082-4a16-b805-3ecd7971d3aa
- uuid=c3e7ae9f-5f71-4026-b15a-98f7cfcce06f
- client_session_id=3ab9e9c9-74f0-4525-b281-384113ff96b1
- device_id=android-02f814e747bc4bc8
2020-07-06 15:48:12,728 - instabot version: 0.117.0 (api_login) - INFO - LOGIN FLOW! Just logged-in: False
2020-07-06 15:48:13,489 - instabot version: 0.117.0 (api) - DEBUG - POST to endpoint: feed/timeline/ returned response: <Response [200]>
2020-07-06 15:48:13,960 - instabot version: 0.117.0 (api) - DEBUG - POST to endpoint: feed/reels_tray/ returned response: <Response [200]>
2020-07-06 15:48:13,961 - instabot version: 0.117.0 (api) - INFO - Logged-in successfully as 'ai2motivate'!
2020-07-06 15:48:13,961 - instabot version: 0.117.0 (bot_checkpoint) - DEBUG - Loading Checkpoint file from: /Users/bhavindhodia/Projects/Py/InstaBot/config/ai2motivate.checkpoint
2020-07-06 15:48:35,506 - instabot version: 0.117.0 (api) - DEBUG - POST to endpoint: media/configure/? returned response: <Response [200]>
2020-07-06 15:48:35,776 - instabot version: 0.117.0 (api) - DEBUG - POST to endpoint: qe/expose/ returned response: <Response [200]>
2020-07-06 15:48:35,776 - instabot version: 0.117.0 (bot_photo) - INFO - Photo '/Users/bhavindhodia/Projects/Py/InstaBot/quotesImg/currentQuote.jpg' is uploaded.
2020-07-06 15:48:35,777 - instabot version: 0.117.0 (bot_checkpoint) - DEBUG - Saving Checkpoint file to: /Users/bhavindhodia/Projects/Py/InstaBot/config/ai2motivate.checkpoint
2020-07-06 15:48:35,777 - instabot version: 0.117.0 (bot) - INFO - Total requests: 39
